prisma/seed.ts(1,10): error TS2305: Module '"@prisma/client"' has no exported member 'PrismaClient'.
prisma/seed.ts(161,25): error TS7006: Parameter 'r' implicitly has an 'any' type.
prisma/seed.ts(163,26): error TS7006: Parameter 'r' implicitly has an 'any' type.
prisma/seed.ts(164,25): error TS7006: Parameter 'r' implicitly has an 'any' type.
prisma/seed.ts(165,25): error TS7006: Parameter 'r' implicitly has an 'any' type.
prisma/seed.ts(267,32): error TS7006: Parameter 'r' implicitly has an 'any' type.
prisma/seed.ts(283,30): error TS7006: Parameter 'r' implicitly has an 'any' type.
prisma/seed.ts(284,29): error TS7006: Parameter 'r' implicitly has an 'any' type.
prisma/seed.ts(285,29): error TS7006: Parameter 'r' implicitly has an 'any' type.
prisma/seed.ts(286,30): error TS7006: Parameter 'r' implicitly has an 'any' type.
prisma/seed.ts(287,29): error TS7006: Parameter 'r' implicitly has an 'any' type.
prisma/seeds/account-master.seed.ts(1,10): error TS2305: Module '"@prisma/client"' has no exported member 'PrismaClient'.
prisma/seeds/amc-warranty.seed.ts(1,10): error TS2305: Module '"@prisma/client"' has no exported member 'PrismaClient'.
prisma/seeds/calendar-engine.seed.ts(1,10): error TS2305: Module '"@prisma/client"' has no exported member 'PrismaClient'.
prisma/seeds/calendar-highlights.seed.ts(1,10): error TS2305: Module '"@prisma/client"' has no exported member 'PrismaClient'.
prisma/seeds/demo-data.seed.ts(1,10): error TS2305: Module '"@prisma/client"' has no exported member 'PrismaClient'.
prisma/seeds/document-template.seed.ts(1,10): error TS2305: Module '"@prisma/client"' has no exported member 'PrismaClient'.
prisma/seeds/error-catalog.seed.ts(1,10): error TS2305: Module '"@prisma/client"' has no exported member 'PrismaClient'.
prisma/seeds/formula.seed.ts(1,10): error TS2305: Module '"@prisma/client"' has no exported member 'PrismaClient'.
prisma/seeds/inventory.seed.ts(1,10): error TS2305: Module '"@prisma/client"' has no exported member 'PrismaClient'.
prisma/seeds/module-package.seed.ts(1,10): error TS2305: Module '"@prisma/client"' has no exported member 'PrismaClient'.
prisma/seeds/permission-templates.seed.ts(1,10): error TS2305: Module '"@prisma/client"' has no exported member 'PrismaClient'.
prisma/seeds/plugin-registry.seed.ts(1,10): error TS2305: Module '"@prisma/client"' has no exported member 'PrismaClient'.
prisma/seeds/procurement.seed.ts(1,10): error TS2305: Module '"@prisma/client"' has no exported member 'PrismaClient'.
prisma/seeds/raw-contacts.seed.ts(1,10): error TS2305: Module '"@prisma/client"' has no exported member 'PrismaClient'.
prisma/seeds/report-definitions.seed.ts(1,10): error TS2305: Module '"@prisma/client"' has no exported member 'PrismaClient'.
prisma/seeds/safe-complete-seed.ts(1,10): error TS2305: Module '"@prisma/client"' has no exported member 'PrismaClient'.
prisma/seeds/self-hosted-ai.seed.ts(1,10): error TS2305: Module '"@prisma/client"' has no exported member 'PrismaClient'.
prisma/seeds/shortcut-definitions.seed.ts(1,10): error TS2305: Module '"@prisma/client"' has no exported member 'PrismaClient'.
prisma/seeds/sync-policies.seed.ts(1,10): error TS2305: Module '"@prisma/client"' has no exported member 'PrismaClient'.
prisma/seeds/task-engine.seed.ts(1,10): error TS2305: Module '"@prisma/client"' has no exported member 'PrismaClient'.
prisma/seeds/tenant-configs.seed.ts(1,10): error TS2305: Module '"@prisma/client"' has no exported member 'PrismaClient'.
prisma/seeds/workflow-credit-note.seed.ts(1,10): error TS2305: Module '"@prisma/client"' has no exported member 'PrismaClient'.
prisma/seeds/workflow-delivery-challan.seed.ts(1,10): error TS2305: Module '"@prisma/client"' has no exported member 'PrismaClient'.
prisma/seeds/workflow-demo.seed.ts(1,10): error TS2305: Module '"@prisma/client"' has no exported member 'PrismaClient'.
prisma/seeds/workflow-lead-pipeline.seed.ts(1,10): error TS2305: Module '"@prisma/client"' has no exported member 'PrismaClient'.
prisma/seeds/workflow-quotation.seed.ts(1,10): error TS2305: Module '"@prisma/client"' has no exported member 'PrismaClient'.
prisma/seeds/workflow-sale-order.seed.ts(1,10): error TS2305: Module '"@prisma/client"' has no exported member 'PrismaClient'.
prisma/seeds/workflow-tour-plan.seed.ts(1,10): error TS2305: Module '"@prisma/client"' has no exported member 'PrismaClient'.
scripts/reseed-menus.ts(8,10): error TS2305: Module '"@prisma/client"' has no exported member 'PrismaClient'.
src/modules/customer/whatsapp/services/wa-api.service.ts(132,36): error TS2307: Cannot find module 'form-data' or its corresponding type declarations.
